<?xml version="1.0" encoding="UTF-8"?>
<testng-results ignored="0" total="2" passed="2" failed="0" skipped="0">
  <reporter-output>
  </reporter-output>
  <suite started-at="2023-10-22T19:16:28 PKT" name="Default Suite" finished-at="2023-10-22T19:16:33 PKT" duration-ms="4809">
    <groups>
    </groups>
    <test started-at="2023-10-22T19:16:28 PKT" name="First_Maven_Project" finished-at="2023-10-22T19:16:33 PKT" duration-ms="4809">
      <class name="Tests.LoginTest">
        <test-method is-config="true" signature="driverSetup()[pri:0, instance:Tests.LoginTest@6193932a]" started-at="2023-10-22T19:16:28 PKT" name="driverSetup" finished-at="2023-10-22T19:16:31 PKT" duration-ms="3297" status="PASS">
          <reporter-output>
          </reporter-output>
        </test-method> <!-- driverSetup -->
        <test-method signature="invalidLogin()[pri:0, instance:Tests.LoginTest@6193932a]" started-at="2023-10-22T19:16:31 PKT" name="invalidLogin" description="Verify invalid swag labs login" finished-at="2023-10-22T19:16:32 PKT" duration-ms="912" status="PASS">
          <reporter-output>
          </reporter-output>
        </test-method> <!-- invalidLogin -->
        <test-method signature="validLogin()[pri:0, instance:Tests.LoginTest@6193932a]" started-at="2023-10-22T19:16:32 PKT" name="validLogin" description="Verify valid swag labs login " finished-at="2023-10-22T19:16:32 PKT" duration-ms="351" status="PASS">
          <reporter-output>
          </reporter-output>
        </test-method> <!-- validLogin -->
        <test-method is-config="true" signature="driverQuit()[pri:0, instance:Tests.LoginTest@6193932a]" started-at="2023-10-22T19:16:32 PKT" name="driverQuit" finished-at="2023-10-22T19:16:33 PKT" duration-ms="163" status="PASS">
          <reporter-output>
          </reporter-output>
        </test-method> <!-- driverQuit -->
      </class> <!-- Tests.LoginTest -->
    </test> <!-- First_Maven_Project -->
  </suite> <!-- Default Suite -->
</testng-results>
